<?xml version="1.0" encoding="UTF-8"?>
<testng-results skipped="0" failed="0" ignored="0" total="1" passed="1">
  <reporter-output>
  </reporter-output>
  <suite name="Default suite" duration-ms="89029" started-at="2021-01-08T10:32:33Z" finished-at="2021-01-08T10:34:02Z">
    <groups>
      <group name="cucumber">
        <method signature="AbstractTestNGCucumberTests.runScenario(cucumber.api.testng.PickleEventWrapper, cucumber.api.testng.CucumberFeatureWrapper)[pri:0, instance:testcases.TC020_UpdateProposal@6973bf95]" name="runScenario" class="cucumber.api.testng.AbstractTestNGCucumberTests"/>
      </group> <!-- cucumber -->
    </groups>
    <test name="Default test" duration-ms="89029" started-at="2021-01-08T10:32:33Z" finished-at="2021-01-08T10:34:02Z">
      <class name="testcases.TC020_UpdateProposal">
        <test-method status="PASS" signature="startReport()[pri:0, instance:testcases.TC020_UpdateProposal@6973bf95]" name="startReport" is-config="true" duration-ms="1541" started-at="2021-01-08T10:32:32Z" finished-at="2021-01-08T10:32:33Z">
          <reporter-output>
          </reporter-output>
        </test-method> <!-- startReport -->
        <test-method status="PASS" signature="setValues()[pri:0, instance:testcases.TC020_UpdateProposal@6973bf95]" name="setValues" is-config="true" duration-ms="1" started-at="2021-01-08T10:32:33Z" finished-at="2021-01-08T10:32:33Z">
          <reporter-output>
          </reporter-output>
        </test-method> <!-- setValues -->
        <test-method status="PASS" signature="setUpClass()[pri:0, instance:testcases.TC020_UpdateProposal@6973bf95]" name="setUpClass" is-config="true" duration-ms="70" started-at="2021-01-08T10:32:33Z" finished-at="2021-01-08T10:32:33Z">
          <reporter-output>
          </reporter-output>
        </test-method> <!-- setUpClass -->
        <test-method status="PASS" signature="report()[pri:0, instance:testcases.TC020_UpdateProposal@6973bf95]" name="report" is-config="true" duration-ms="5" started-at="2021-01-08T10:32:33Z" finished-at="2021-01-08T10:32:33Z">
          <reporter-output>
          </reporter-output>
        </test-method> <!-- report -->
        <test-method status="PASS" signature="beforeMethod()[pri:0, instance:testcases.TC020_UpdateProposal@6973bf95]" name="beforeMethod" is-config="true" duration-ms="52695" started-at="2021-01-08T10:32:34Z" finished-at="2021-01-08T10:33:27Z">
          <reporter-output>
          </reporter-output>
        </test-method> <!-- beforeMethod -->
        <test-method status="PASS" signature="createStdProposal(java.lang.String, java.lang.String, java.lang.String, java.lang.String, java.lang.String, java.lang.String, java.lang.String, java.lang.String, java.lang.String, java.lang.String)[pri:0, instance:testcases.TC020_UpdateProposal@6973bf95]" name="createStdProposal" duration-ms="35602" started-at="2021-01-08T10:33:27Z" data-provider="fetchData" finished-at="2021-01-08T10:34:02Z">
          <params>
            <param index="0">
              <value>
                <![CDATA[admin]]>
              </value>
            </param>
            <param index="1">
              <value>
                <![CDATA[NhKdp6mpU5EE]]>
              </value>
            </param>
            <param index="2">
              <value>
                <![CDATA[Proposal]]>
              </value>
            </param>
            <param index="3">
              <value>
                <![CDATA[STDCHG0001002]]>
              </value>
            </param>
            <param index="4">
              <value>
                <![CDATA[Change Management]]>
              </value>
            </param>
            <param index="5">
              <value>
                <![CDATA[Change Manager]]>
              </value>
            </param>
            <param index="6">
              <value>
                <![CDATA[In Progress]]>
              </value>
            </param>
            <param index="7">
              <value>
                <![CDATA[Template Management]]>
              </value>
            </param>
            <param index="8">
              <value>
                <![CDATA[Sample Justification]]>
              </value>
            </param>
            <param index="9">
              <value>
                <![CDATA[Ssmple Risk And Impact]]>
              </value>
            </param>
          </params>
          <reporter-output>
          </reporter-output>
        </test-method> <!-- createStdProposal -->
        <test-method status="PASS" signature="tearDownClass()[pri:0, instance:testcases.TC020_UpdateProposal@6973bf95]" name="tearDownClass" is-config="true" duration-ms="8" started-at="2021-01-08T10:34:02Z" finished-at="2021-01-08T10:34:02Z">
          <reporter-output>
          </reporter-output>
        </test-method> <!-- tearDownClass -->
        <test-method status="PASS" signature="stopReport()[pri:0, instance:testcases.TC020_UpdateProposal@6973bf95]" name="stopReport" is-config="true" duration-ms="359" started-at="2021-01-08T10:34:02Z" finished-at="2021-01-08T10:34:03Z">
          <reporter-output>
          </reporter-output>
        </test-method> <!-- stopReport -->
      </class> <!-- testcases.TC020_UpdateProposal -->
    </test> <!-- Default test -->
  </suite> <!-- Default suite -->
</testng-results>
